<?xml version="1.0" encoding="UTF-8"?>
<testng-results ignored="0" total="1" passed="1" failed="0" skipped="0">
  <reporter-output>
  </reporter-output>
  <suite started-at="2023-02-27T14:07:09 COT" name="Command line suite" finished-at="2023-02-27T14:07:10 COT" duration-ms="948">
    <groups>
    </groups>
    <test started-at="2023-02-27T14:07:09 COT" name="Command line test" finished-at="2023-02-27T14:07:10 COT" duration-ms="948">
      <class name="Tests.AltaCuentaAhorroTest">
        <test-method is-config="true" signature="setUp()[pri:0, instance:Tests.AltaCuentaAhorroTest@6f03482]" started-at="2023-02-27T14:07:09 COT" name="setUp" finished-at="2023-02-27T14:07:09 COT" duration-ms="90" status="PASS">
          <reporter-output>
          </reporter-output>
        </test-method> <!-- setUp -->
        <test-method signature="test()[pri:0, instance:Tests.AltaCuentaAhorroTest@6f03482]" started-at="2023-02-27T14:07:09 COT" name="test" finished-at="2023-02-27T14:07:10 COT" duration-ms="810" status="PASS">
          <reporter-output>
          </reporter-output>
        </test-method> <!-- test -->
        <test-method is-config="true" signature="tearDown()[pri:0, instance:Tests.AltaCuentaAhorroTest@6f03482]" started-at="2023-02-27T14:07:10 COT" name="tearDown" finished-at="2023-02-27T14:07:10 COT" duration-ms="0" status="PASS">
          <reporter-output>
          </reporter-output>
        </test-method> <!-- tearDown -->
      </class> <!-- Tests.AltaCuentaAhorroTest -->
    </test> <!-- Command line test -->
  </suite> <!-- Command line suite -->
</testng-results>
